2023-05-31 20:53:45,307        CRITICAL     config_client_log.py      Критическая ошибка
2023-05-31 20:53:45,307        ERROR        config_client_log.py      Ошибка
2023-05-31 20:53:45,307        DEBUG        config_client_log.py      Отладочная информация
2023-05-31 20:53:45,307        INFO         config_client_log.py      Информационное сообщение
2023-05-31 20:53:48,227        CRITICAL     config_client_log.py      Критическая ошибка
2023-05-31 20:53:48,228        ERROR        config_client_log.py      Ошибка
2023-05-31 20:53:48,228        DEBUG        config_client_log.py      Отладочная информация
2023-05-31 20:53:48,228        INFO         config_client_log.py      Информационное сообщение
2023-05-31 20:53:50,700        CRITICAL     config_client_log.py      Критическая ошибка
2023-05-31 20:53:50,700        ERROR        config_client_log.py      Ошибка
2023-05-31 20:53:50,700        DEBUG        config_client_log.py      Отладочная информация
2023-05-31 20:53:50,700        INFO         config_client_log.py      Информационное сообщение
2023-05-31 21:37:04,352        INFO         client.py                 Запущен клиент с параметрами: адрес сервера: 127.0.0.1, порт: 8079
2023-05-31 21:37:04,353        DEBUG        client.py                 Сформировано presence сообщение для пользователя Sergey
2023-05-31 21:37:04,354        DEBUG        client.py                 Получено сообщение от сервера: {'response': 200}
2023-05-31 21:37:04,354        INFO         client.py                 Принят ответ от сервера 200 : OK
2023-05-31 21:37:04,365        INFO         client.py                 Запущен клиент с параметрами: адрес сервера: 127.0.0.1, порт: 8079
2023-05-31 21:37:04,367        DEBUG        client.py                 Сформировано presence сообщение для пользователя Sergey
2023-05-31 21:37:04,369        DEBUG        client.py                 Получено сообщение от сервера: {'response': 200}
2023-05-31 21:37:04,369        INFO         client.py                 Принят ответ от сервера 200 : OK
2023-05-31 21:37:04,386        INFO         client.py                 Запущен клиент с параметрами: адрес сервера: 127.0.0.1, порт: 8079
2023-05-31 21:37:04,389        DEBUG        client.py                 Сформировано presence сообщение для пользователя Sergey
2023-05-31 21:37:04,397        DEBUG        client.py                 Получено сообщение от сервера: {'response': 200}
2023-05-31 21:37:04,397        INFO         client.py                 Принят ответ от сервера 200 : OK
2023-05-31 21:37:04,458        INFO         client.py                 Запущен клиент с параметрами: адрес сервера: 127.0.0.1, порт: 8079
2023-05-31 21:37:04,459        DEBUG        client.py                 Сформировано presence сообщение для пользователя Sergey
2023-05-31 21:37:04,460        DEBUG        client.py                 Получено сообщение от сервера: {'response': 200}
2023-05-31 21:37:04,460        INFO         client.py                 Принят ответ от сервера 200 : OK
2023-05-31 21:37:04,481        INFO         client.py                 Запущен клиент с параметрами: адрес сервера: 127.0.0.1, порт: 8079
2023-05-31 21:37:04,482        DEBUG        client.py                 Сформировано presence сообщение для пользователя Sergey
2023-05-31 21:37:04,483        DEBUG        client.py                 Получено сообщение от сервера: {'response': 200}
2023-05-31 21:37:04,483        INFO         client.py                 Принят ответ от сервера 200 : OK
